[2024-01-08 22:45:46,324][__main__][INFO] - Predicting surfaces with Cortical Flow
Config:
user_config: null
inputs:
  data_type: formatted
  path: /subj/
  split_name: test
  split_file: /corticalflow/subjs.csv
  hemisphere: rh
  device: cuda:0
  template: /corticalflow/resources/neurips_templates/rh_pial_template_435k.obj
white_model: null
pial_model:
  nb_features:
  - - - 16
      - 32
      - 32
      - 32
    - - 32
      - 32
      - 32
      - 32
      - 32
      - 16
      - 16
  - - - 16
      - 32
    - - 32
      - 32
      - 16
      - 16
  - - - 16
      - 32
    - - 32
      - 32
      - 16
      - 16
  integration_method: NeurIPS
  integration_steps: 30
  share_flows: true
  model_checkpoint: /corticalflow/output2/corticalflow_euler_neurips/out_rh_pial/best_model_DT2.pth
outputs:
  output_dir: /corticalflow/output2/corticalflow_euler_neurips/out_rh_pial/
  out_deform:
  - 0
  - 1
  - 2
  out_format: freesurfer

[2024-01-08 22:45:46,325][__main__][INFO] - loading from formatted dataset...
[2024-01-08 22:45:46,351][__main__][INFO] - 107 subjects loaded for test in 0.0263 secs
[2024-01-08 22:45:49,417][__main__][INFO] - Template mesh <trimesh.Trimesh(vertices.shape=(433858, 3), faces.shape=(867712, 3))> read from /corticalflow/resources/neurips_templates/rh_pial_template_435k.obj
[2024-01-08 22:45:49,417][__main__][INFO] - White model is not specified.
[2024-01-08 22:45:56,130][__main__][INFO] - 6.7115 secs for white model setup:
CorticalFlow(
  (deform_blocks): ModuleList(
    (0): DeformationBlock(
      (encoder): Unet(
        (downarm): ModuleList(
          (0): ConvBlock(
            (main): Conv3d(1, 16, kernel_size=(3, 3, 3), stride=(2, 2, 2), padding=(1, 1, 1))
            (activation): LeakyReLU(negative_slope=0.2)
          )
          (1): ConvBlock(
            (main): Conv3d(16, 32, kernel_size=(3, 3, 3), stride=(2, 2, 2), padding=(1, 1, 1))
            (activation): LeakyReLU(negative_slope=0.2)
          )
          (2): ConvBlock(
            (main): Conv3d(32, 32, kernel_size=(3, 3, 3), stride=(2, 2, 2), padding=(1, 1, 1))
            (activation): LeakyReLU(negative_slope=0.2)
          )
          (3): ConvBlock(
            (main): Conv3d(32, 32, kernel_size=(3, 3, 3), stride=(2, 2, 2), padding=(1, 1, 1))
            (activation): LeakyReLU(negative_slope=0.2)
          )
        )
        (uparm): ModuleList(
          (0): Sequential(
            (0): ConvBlock(
              (main): Conv3d(32, 32, kernel_size=(3, 3, 3), stride=(1, 1, 1), padding=(1, 1, 1))
              (activation): LeakyReLU(negative_slope=0.2)
            )
            (1): Upsample(scale_factor=2.0, mode=nearest)
          )
          (1): Sequential(
            (0): ConvBlock(
              (main): Conv3d(64, 32, kernel_size=(3, 3, 3), stride=(1, 1, 1), padding=(1, 1, 1))
              (activation): LeakyReLU(negative_slope=0.2)
            )
            (1): Upsample(scale_factor=2.0, mode=nearest)
          )
          (2): Sequential(
            (0): ConvBlock(
              (main): Conv3d(64, 32, kernel_size=(3, 3, 3), stride=(1, 1, 1), padding=(1, 1, 1))
              (activation): LeakyReLU(negative_slope=0.2)
            )
            (1): Upsample(scale_factor=2.0, mode=nearest)
          )
          (3): Sequential(
            (0): ConvBlock(
              (main): Conv3d(48, 32, kernel_size=(3, 3, 3), stride=(1, 1, 1), padding=(1, 1, 1))
              (activation): LeakyReLU(negative_slope=0.2)
            )
            (1): Upsample(scale_factor=2.0, mode=nearest)
          )
        )
        (extras): ModuleList(
          (0): ConvBlock(
            (main): Conv3d(33, 32, kernel_size=(3, 3, 3), stride=(1, 1, 1), padding=(1, 1, 1))
            (activation): LeakyReLU(negative_slope=0.2)
          )
          (1): ConvBlock(
            (main): Conv3d(32, 16, kernel_size=(3, 3, 3), stride=(1, 1, 1), padding=(1, 1, 1))
            (activation): LeakyReLU(negative_slope=0.2)
          )
          (2): ConvBlock(
            (main): Conv3d(16, 16, kernel_size=(3, 3, 3), stride=(1, 1, 1), padding=(1, 1, 1))
            (activation): LeakyReLU(negative_slope=0.2)
          )
        )
      )
      (flow): Conv3d(16, 3, kernel_size=(3, 3, 3), stride=(1, 1, 1), padding=(1, 1, 1))
      (deformer): DiffeoMeshDeformer(
        (integrate): IntegratePointWiseNeurips(
          (interpolator): PointPooling()
        )
      )
    )
    (1): DeformationBlock(
      (encoder): Unet(
        (downarm): ModuleList(
          (0): ConvBlock(
            (main): Conv3d(4, 16, kernel_size=(3, 3, 3), stride=(2, 2, 2), padding=(1, 1, 1))
            (activation): LeakyReLU(negative_slope=0.2)
          )
          (1): ConvBlock(
            (main): Conv3d(16, 32, kernel_size=(3, 3, 3), stride=(2, 2, 2), padding=(1, 1, 1))
            (activation): LeakyReLU(negative_slope=0.2)
          )
        )
        (uparm): ModuleList(
          (0): Sequential(
            (0): ConvBlock(
              (main): Conv3d(32, 32, kernel_size=(3, 3, 3), stride=(1, 1, 1), padding=(1, 1, 1))
              (activation): LeakyReLU(negative_slope=0.2)
            )
            (1): Upsample(scale_factor=2.0, mode=nearest)
          )
          (1): Sequential(
            (0): ConvBlock(
              (main): Conv3d(48, 32, kernel_size=(3, 3, 3), stride=(1, 1, 1), padding=(1, 1, 1))
              (activation): LeakyReLU(negative_slope=0.2)
            )
            (1): Upsample(scale_factor=2.0, mode=nearest)
          )
        )
        (extras): ModuleList(
          (0): ConvBlock(
            (main): Conv3d(36, 16, kernel_size=(3, 3, 3), stride=(1, 1, 1), padding=(1, 1, 1))
            (activation): LeakyReLU(negative_slope=0.2)
          )
          (1): ConvBlock(
            (main): Conv3d(16, 16, kernel_size=(3, 3, 3), stride=(1, 1, 1), padding=(1, 1, 1))
            (activation): LeakyReLU(negative_slope=0.2)
          )
        )
      )
      (flow): Conv3d(16, 3, kernel_size=(3, 3, 3), stride=(1, 1, 1), padding=(1, 1, 1))
      (deformer): DiffeoMeshDeformer(
        (integrate): IntegratePointWiseNeurips(
          (interpolator): PointPooling()
        )
      )
    )
    (2): DeformationBlock(
      (encoder): Unet(
        (downarm): ModuleList(
          (0): ConvBlock(
            (main): Conv3d(7, 16, kernel_size=(3, 3, 3), stride=(2, 2, 2), padding=(1, 1, 1))
            (activation): LeakyReLU(negative_slope=0.2)
          )
          (1): ConvBlock(
            (main): Conv3d(16, 32, kernel_size=(3, 3, 3), stride=(2, 2, 2), padding=(1, 1, 1))
            (activation): LeakyReLU(negative_slope=0.2)
          )
        )
        (uparm): ModuleList(
          (0): Sequential(
            (0): ConvBlock(
              (main): Conv3d(32, 32, kernel_size=(3, 3, 3), stride=(1, 1, 1), padding=(1, 1, 1))
              (activation): LeakyReLU(negative_slope=0.2)
            )
            (1): Upsample(scale_factor=2.0, mode=nearest)
          )
          (1): Sequential(
            (0): ConvBlock(
              (main): Conv3d(48, 32, kernel_size=(3, 3, 3), stride=(1, 1, 1), padding=(1, 1, 1))
              (activation): LeakyReLU(negative_slope=0.2)
            )
            (1): Upsample(scale_factor=2.0, mode=nearest)
          )
        )
        (extras): ModuleList(
          (0): ConvBlock(
            (main): Conv3d(39, 16, kernel_size=(3, 3, 3), stride=(1, 1, 1), padding=(1, 1, 1))
            (activation): LeakyReLU(negative_slope=0.2)
          )
          (1): ConvBlock(
            (main): Conv3d(16, 16, kernel_size=(3, 3, 3), stride=(1, 1, 1), padding=(1, 1, 1))
            (activation): LeakyReLU(negative_slope=0.2)
          )
        )
      )
      (flow): Conv3d(16, 3, kernel_size=(3, 3, 3), stride=(1, 1, 1), padding=(1, 1, 1))
      (deformer): DiffeoMeshDeformer(
        (integrate): IntegratePointWiseNeurips(
          (interpolator): PointPooling()
        )
      )
    )
  )
)
[2024-01-08 22:45:56,131][__main__][INFO] - Pial model Total number of parameters: 519865
[2024-01-08 22:45:56,238][__main__][INFO] - Pial Model weights at deformation train 2 iteration 20000 and validation metric 0.0135 loaded from /corticalflow/output2/corticalflow_euler_neurips/out_rh_pial/best_model_DT2.pth in 0.1072 secs
[2024-01-08 22:45:56,238][__main__][INFO] - predicting...
[2024-01-08 22:46:01,924][__main__][INFO] - 6/107 subjects processed.
[2024-01-08 22:46:32,301][__main__][INFO] - 66/107 subjects processed.
[2024-01-08 22:46:53,063][__main__][INFO] - DONE !!!
