[2023-01-11 01:24:38,600][__main__][INFO] - Predicting surfaces with Cortical Flow
Config:
user_config: null
inputs:
  data_type: formatted
  path: /subj/
  split_name: test
  split_file: /corticalflow/subjs.csv
  hemisphere: lh
  device: cuda:0
  template: /corticalflow/resources/smooth_templates/lh_white_smooth_380k.obj
white_model:
  nb_features:
  - - - 16
      - 32
      - 32
      - 32
    - - 32
      - 32
      - 32
      - 32
      - 32
      - 16
      - 16
  - - - 16
      - 32
    - - 32
      - 32
      - 16
      - 16
  - - - 16
      - 32
    - - 32
      - 32
      - 16
      - 16
  integration_method: RK4
  integration_steps: 30
  share_flows: true
  model_checkpoint: /corticalflow/resources/trained_models/CFPP_LEFT_WHITE.pth
pial_model:
  nb_features:
  - - - 16
      - 32
    - - 32
      - 32
      - 16
      - 16
  - - - 16
      - 32
    - - 32
      - 32
      - 16
      - 16
  - - - 16
      - 32
    - - 32
      - 32
      - 16
      - 16
  integration_method: RK4
  integration_steps: 30
  share_flows: true
  model_checkpoint: /corticalflow/resources/trained_models/CFPP_LEFT_PIAL.pth
outputs:
  output_dir: /corticalflow/output_lh_cfpp/
  out_deform:
  - 0
  - 1
  - 2
  out_format: freesurfer

[2023-01-11 01:24:38,600][__main__][INFO] - loading from formatted dataset...
[2023-01-11 01:24:38,626][__main__][INFO] - 107 subjects loaded for test in 0.0258 secs
[2023-01-11 01:24:41,618][__main__][INFO] - Template mesh <trimesh.Trimesh(vertices.shape=(379970, 3), faces.shape=(759936, 3))> read from /corticalflow/resources/smooth_templates/lh_white_smooth_380k.obj
[2023-01-11 01:24:49,828][__main__][INFO] - 8.2096 secs for white model setup:
CorticalFlow(
  (deform_blocks): ModuleList(
    (0): DeformationBlock(
      (encoder): Unet(
        (downarm): ModuleList(
          (0): ConvBlock(
            (main): Conv3d(1, 16, kernel_size=(3, 3, 3), stride=(2, 2, 2), padding=(1, 1, 1))
            (activation): LeakyReLU(negative_slope=0.2)
          )
          (1): ConvBlock(
            (main): Conv3d(16, 32, kernel_size=(3, 3, 3), stride=(2, 2, 2), padding=(1, 1, 1))
            (activation): LeakyReLU(negative_slope=0.2)
          )
          (2): ConvBlock(
            (main): Conv3d(32, 32, kernel_size=(3, 3, 3), stride=(2, 2, 2), padding=(1, 1, 1))
            (activation): LeakyReLU(negative_slope=0.2)
          )
          (3): ConvBlock(
            (main): Conv3d(32, 32, kernel_size=(3, 3, 3), stride=(2, 2, 2), padding=(1, 1, 1))
            (activation): LeakyReLU(negative_slope=0.2)
          )
        )
        (uparm): ModuleList(
          (0): Sequential(
            (0): ConvBlock(
              (main): Conv3d(32, 32, kernel_size=(3, 3, 3), stride=(1, 1, 1), padding=(1, 1, 1))
              (activation): LeakyReLU(negative_slope=0.2)
            )
            (1): Upsample(scale_factor=2.0, mode=nearest)
          )
          (1): Sequential(
            (0): ConvBlock(
              (main): Conv3d(64, 32, kernel_size=(3, 3, 3), stride=(1, 1, 1), padding=(1, 1, 1))
              (activation): LeakyReLU(negative_slope=0.2)
            )
            (1): Upsample(scale_factor=2.0, mode=nearest)
          )
          (2): Sequential(
            (0): ConvBlock(
              (main): Conv3d(64, 32, kernel_size=(3, 3, 3), stride=(1, 1, 1), padding=(1, 1, 1))
              (activation): LeakyReLU(negative_slope=0.2)
            )
            (1): Upsample(scale_factor=2.0, mode=nearest)
          )
          (3): Sequential(
            (0): ConvBlock(
              (main): Conv3d(48, 32, kernel_size=(3, 3, 3), stride=(1, 1, 1), padding=(1, 1, 1))
              (activation): LeakyReLU(negative_slope=0.2)
            )
            (1): Upsample(scale_factor=2.0, mode=nearest)
          )
        )
        (extras): ModuleList(
          (0): ConvBlock(
            (main): Conv3d(33, 32, kernel_size=(3, 3, 3), stride=(1, 1, 1), padding=(1, 1, 1))
            (activation): LeakyReLU(negative_slope=0.2)
          )
          (1): ConvBlock(
            (main): Conv3d(32, 16, kernel_size=(3, 3, 3), stride=(1, 1, 1), padding=(1, 1, 1))
            (activation): LeakyReLU(negative_slope=0.2)
          )
          (2): ConvBlock(
            (main): Conv3d(16, 16, kernel_size=(3, 3, 3), stride=(1, 1, 1), padding=(1, 1, 1))
            (activation): LeakyReLU(negative_slope=0.2)
          )
        )
      )
      (flow): Conv3d(16, 3, kernel_size=(3, 3, 3), stride=(1, 1, 1), padding=(1, 1, 1))
      (deformer): DiffeoMeshDeformer(
        (integrate): IntegratePointWiseRK4(
          (interpolator): PointPooling()
        )
      )
    )
    (1): DeformationBlock(
      (encoder): Unet(
        (downarm): ModuleList(
          (0): ConvBlock(
            (main): Conv3d(4, 16, kernel_size=(3, 3, 3), stride=(2, 2, 2), padding=(1, 1, 1))
            (activation): LeakyReLU(negative_slope=0.2)
          )
          (1): ConvBlock(
            (main): Conv3d(16, 32, kernel_size=(3, 3, 3), stride=(2, 2, 2), padding=(1, 1, 1))
            (activation): LeakyReLU(negative_slope=0.2)
          )
        )
        (uparm): ModuleList(
          (0): Sequential(
            (0): ConvBlock(
              (main): Conv3d(32, 32, kernel_size=(3, 3, 3), stride=(1, 1, 1), padding=(1, 1, 1))
              (activation): LeakyReLU(negative_slope=0.2)
            )
            (1): Upsample(scale_factor=2.0, mode=nearest)
          )
          (1): Sequential(
            (0): ConvBlock(
              (main): Conv3d(48, 32, kernel_size=(3, 3, 3), stride=(1, 1, 1), padding=(1, 1, 1))
              (activation): LeakyReLU(negative_slope=0.2)
            )
            (1): Upsample(scale_factor=2.0, mode=nearest)
          )
        )
        (extras): ModuleList(
          (0): ConvBlock(
            (main): Conv3d(36, 16, kernel_size=(3, 3, 3), stride=(1, 1, 1), padding=(1, 1, 1))
            (activation): LeakyReLU(negative_slope=0.2)
          )
          (1): ConvBlock(
            (main): Conv3d(16, 16, kernel_size=(3, 3, 3), stride=(1, 1, 1), padding=(1, 1, 1))
            (activation): LeakyReLU(negative_slope=0.2)
          )
        )
      )
      (flow): Conv3d(16, 3, kernel_size=(3, 3, 3), stride=(1, 1, 1), padding=(1, 1, 1))
      (deformer): DiffeoMeshDeformer(
        (integrate): IntegratePointWiseRK4(
          (interpolator): PointPooling()
        )
      )
    )
    (2): DeformationBlock(
      (encoder): Unet(
        (downarm): ModuleList(
          (0): ConvBlock(
            (main): Conv3d(7, 16, kernel_size=(3, 3, 3), stride=(2, 2, 2), padding=(1, 1, 1))
            (activation): LeakyReLU(negative_slope=0.2)
          )
          (1): ConvBlock(
            (main): Conv3d(16, 32, kernel_size=(3, 3, 3), stride=(2, 2, 2), padding=(1, 1, 1))
            (activation): LeakyReLU(negative_slope=0.2)
          )
        )
        (uparm): ModuleList(
          (0): Sequential(
            (0): ConvBlock(
              (main): Conv3d(32, 32, kernel_size=(3, 3, 3), stride=(1, 1, 1), padding=(1, 1, 1))
              (activation): LeakyReLU(negative_slope=0.2)
            )
            (1): Upsample(scale_factor=2.0, mode=nearest)
          )
          (1): Sequential(
            (0): ConvBlock(
              (main): Conv3d(48, 32, kernel_size=(3, 3, 3), stride=(1, 1, 1), padding=(1, 1, 1))
              (activation): LeakyReLU(negative_slope=0.2)
            )
            (1): Upsample(scale_factor=2.0, mode=nearest)
          )
        )
        (extras): ModuleList(
          (0): ConvBlock(
            (main): Conv3d(39, 16, kernel_size=(3, 3, 3), stride=(1, 1, 1), padding=(1, 1, 1))
            (activation): LeakyReLU(negative_slope=0.2)
          )
          (1): ConvBlock(
            (main): Conv3d(16, 16, kernel_size=(3, 3, 3), stride=(1, 1, 1), padding=(1, 1, 1))
            (activation): LeakyReLU(negative_slope=0.2)
          )
        )
      )
      (flow): Conv3d(16, 3, kernel_size=(3, 3, 3), stride=(1, 1, 1), padding=(1, 1, 1))
      (deformer): DiffeoMeshDeformer(
        (integrate): IntegratePointWiseRK4(
          (interpolator): PointPooling()
        )
      )
    )
  )
)
[2023-01-11 01:24:49,829][__main__][INFO] - White model Total number of parameters: 519865
[2023-01-11 01:24:49,976][__main__][INFO] - White Model weights at deformation train 2 iteration 65000 and validation metric 0.0000 loaded from /corticalflow/resources/trained_models/CFPP_LEFT_WHITE.pth in 0.1467 secs
[2023-01-11 01:24:49,990][__main__][INFO] - 0.0129 secs for white model setup:
CorticalFlow(
  (deform_blocks): ModuleList(
    (0): DeformationBlock(
      (encoder): Unet(
        (downarm): ModuleList(
          (0): ConvBlock(
            (main): Conv3d(1, 16, kernel_size=(3, 3, 3), stride=(2, 2, 2), padding=(1, 1, 1))
            (activation): LeakyReLU(negative_slope=0.2)
          )
          (1): ConvBlock(
            (main): Conv3d(16, 32, kernel_size=(3, 3, 3), stride=(2, 2, 2), padding=(1, 1, 1))
            (activation): LeakyReLU(negative_slope=0.2)
          )
        )
        (uparm): ModuleList(
          (0): Sequential(
            (0): ConvBlock(
              (main): Conv3d(32, 32, kernel_size=(3, 3, 3), stride=(1, 1, 1), padding=(1, 1, 1))
              (activation): LeakyReLU(negative_slope=0.2)
            )
            (1): Upsample(scale_factor=2.0, mode=nearest)
          )
          (1): Sequential(
            (0): ConvBlock(
              (main): Conv3d(48, 32, kernel_size=(3, 3, 3), stride=(1, 1, 1), padding=(1, 1, 1))
              (activation): LeakyReLU(negative_slope=0.2)
            )
            (1): Upsample(scale_factor=2.0, mode=nearest)
          )
        )
        (extras): ModuleList(
          (0): ConvBlock(
            (main): Conv3d(33, 16, kernel_size=(3, 3, 3), stride=(1, 1, 1), padding=(1, 1, 1))
            (activation): LeakyReLU(negative_slope=0.2)
          )
          (1): ConvBlock(
            (main): Conv3d(16, 16, kernel_size=(3, 3, 3), stride=(1, 1, 1), padding=(1, 1, 1))
            (activation): LeakyReLU(negative_slope=0.2)
          )
        )
      )
      (flow): Conv3d(16, 3, kernel_size=(3, 3, 3), stride=(1, 1, 1), padding=(1, 1, 1))
      (deformer): DiffeoMeshDeformer(
        (integrate): IntegratePointWiseRK4(
          (interpolator): PointPooling()
        )
      )
    )
    (1): DeformationBlock(
      (encoder): Unet(
        (downarm): ModuleList(
          (0): ConvBlock(
            (main): Conv3d(4, 16, kernel_size=(3, 3, 3), stride=(2, 2, 2), padding=(1, 1, 1))
            (activation): LeakyReLU(negative_slope=0.2)
          )
          (1): ConvBlock(
            (main): Conv3d(16, 32, kernel_size=(3, 3, 3), stride=(2, 2, 2), padding=(1, 1, 1))
            (activation): LeakyReLU(negative_slope=0.2)
          )
        )
        (uparm): ModuleList(
          (0): Sequential(
            (0): ConvBlock(
              (main): Conv3d(32, 32, kernel_size=(3, 3, 3), stride=(1, 1, 1), padding=(1, 1, 1))
              (activation): LeakyReLU(negative_slope=0.2)
            )
            (1): Upsample(scale_factor=2.0, mode=nearest)
          )
          (1): Sequential(
            (0): ConvBlock(
              (main): Conv3d(48, 32, kernel_size=(3, 3, 3), stride=(1, 1, 1), padding=(1, 1, 1))
              (activation): LeakyReLU(negative_slope=0.2)
            )
            (1): Upsample(scale_factor=2.0, mode=nearest)
          )
        )
        (extras): ModuleList(
          (0): ConvBlock(
            (main): Conv3d(36, 16, kernel_size=(3, 3, 3), stride=(1, 1, 1), padding=(1, 1, 1))
            (activation): LeakyReLU(negative_slope=0.2)
          )
          (1): ConvBlock(
            (main): Conv3d(16, 16, kernel_size=(3, 3, 3), stride=(1, 1, 1), padding=(1, 1, 1))
            (activation): LeakyReLU(negative_slope=0.2)
          )
        )
      )
      (flow): Conv3d(16, 3, kernel_size=(3, 3, 3), stride=(1, 1, 1), padding=(1, 1, 1))
      (deformer): DiffeoMeshDeformer(
        (integrate): IntegratePointWiseRK4(
          (interpolator): PointPooling()
        )
      )
    )
    (2): DeformationBlock(
      (encoder): Unet(
        (downarm): ModuleList(
          (0): ConvBlock(
            (main): Conv3d(7, 16, kernel_size=(3, 3, 3), stride=(2, 2, 2), padding=(1, 1, 1))
            (activation): LeakyReLU(negative_slope=0.2)
          )
          (1): ConvBlock(
            (main): Conv3d(16, 32, kernel_size=(3, 3, 3), stride=(2, 2, 2), padding=(1, 1, 1))
            (activation): LeakyReLU(negative_slope=0.2)
          )
        )
        (uparm): ModuleList(
          (0): Sequential(
            (0): ConvBlock(
              (main): Conv3d(32, 32, kernel_size=(3, 3, 3), stride=(1, 1, 1), padding=(1, 1, 1))
              (activation): LeakyReLU(negative_slope=0.2)
            )
            (1): Upsample(scale_factor=2.0, mode=nearest)
          )
          (1): Sequential(
            (0): ConvBlock(
              (main): Conv3d(48, 32, kernel_size=(3, 3, 3), stride=(1, 1, 1), padding=(1, 1, 1))
              (activation): LeakyReLU(negative_slope=0.2)
            )
            (1): Upsample(scale_factor=2.0, mode=nearest)
          )
        )
        (extras): ModuleList(
          (0): ConvBlock(
            (main): Conv3d(39, 16, kernel_size=(3, 3, 3), stride=(1, 1, 1), padding=(1, 1, 1))
            (activation): LeakyReLU(negative_slope=0.2)
          )
          (1): ConvBlock(
            (main): Conv3d(16, 16, kernel_size=(3, 3, 3), stride=(1, 1, 1), padding=(1, 1, 1))
            (activation): LeakyReLU(negative_slope=0.2)
          )
        )
      )
      (flow): Conv3d(16, 3, kernel_size=(3, 3, 3), stride=(1, 1, 1), padding=(1, 1, 1))
      (deformer): DiffeoMeshDeformer(
        (integrate): IntegratePointWiseRK4(
          (interpolator): PointPooling()
        )
      )
    )
  )
)
[2023-01-11 01:24:49,990][__main__][INFO] - Pial model Total number of parameters: 325737
[2023-01-11 01:24:50,093][__main__][INFO] - Pial Model weights at deformation train 2 iteration 50000 and validation metric 0.0000 loaded from /corticalflow/resources/trained_models/CFPP_LEFT_PIAL.pth in 0.1023 secs
[2023-01-11 01:24:50,093][__main__][INFO] - predicting...
[2023-01-11 01:24:58,643][__main__][INFO] - 6/107 subjects processed.
[2023-01-11 01:25:52,531][__main__][INFO] - 66/107 subjects processed.
[2023-01-11 01:26:29,805][__main__][INFO] - DONE !!!
