[2024-01-09 01:48:03,877][__main__][INFO] - Predicting surfaces with Cortical Flow
Config:
user_config: null
inputs:
  data_type: formatted
  path: /subj/
  split_name: test
  split_file: /corticalflow/subjs.csv
  hemisphere: rh
  device: cuda:0
  template: /corticalflow/resources/smooth_templates/rh_white_smooth_380k.obj
white_model:
  nb_features:
  - - - 16
      - 32
      - 32
      - 32
    - - 32
      - 32
      - 32
      - 32
      - 32
      - 16
      - 16
  - - - 16
      - 32
    - - 32
      - 32
      - 16
      - 16
  - - - 16
      - 32
    - - 32
      - 32
      - 16
      - 16
  integration_method: RK4
  integration_steps: 30
  share_flows: true
  model_checkpoint: /corticalflow/output2/cfpp/out_rh_white/best_model_DT2.pth
pial_model: null
outputs:
  output_dir: /corticalflow/output2/cfpp/out_rh_white/
  out_deform:
  - 0
  - 1
  - 2
  out_format: freesurfer

[2024-01-09 01:48:03,878][__main__][INFO] - loading from formatted dataset...
[2024-01-09 01:48:03,898][__main__][INFO] - 107 subjects loaded for test in 0.0207 secs
[2024-01-09 01:48:06,009][__main__][INFO] - Template mesh <trimesh.Trimesh(vertices.shape=(380018, 3), faces.shape=(760032, 3))> read from /corticalflow/resources/smooth_templates/rh_white_smooth_380k.obj
[2024-01-09 01:48:12,475][__main__][INFO] - 6.4651 secs for white model setup:
CorticalFlow(
  (deform_blocks): ModuleList(
    (0): DeformationBlock(
      (encoder): Unet(
        (downarm): ModuleList(
          (0): ConvBlock(
            (main): Conv3d(1, 16, kernel_size=(3, 3, 3), stride=(2, 2, 2), padding=(1, 1, 1))
            (activation): LeakyReLU(negative_slope=0.2)
          )
          (1): ConvBlock(
            (main): Conv3d(16, 32, kernel_size=(3, 3, 3), stride=(2, 2, 2), padding=(1, 1, 1))
            (activation): LeakyReLU(negative_slope=0.2)
          )
          (2): ConvBlock(
            (main): Conv3d(32, 32, kernel_size=(3, 3, 3), stride=(2, 2, 2), padding=(1, 1, 1))
            (activation): LeakyReLU(negative_slope=0.2)
          )
          (3): ConvBlock(
            (main): Conv3d(32, 32, kernel_size=(3, 3, 3), stride=(2, 2, 2), padding=(1, 1, 1))
            (activation): LeakyReLU(negative_slope=0.2)
          )
        )
        (uparm): ModuleList(
          (0): Sequential(
            (0): ConvBlock(
              (main): Conv3d(32, 32, kernel_size=(3, 3, 3), stride=(1, 1, 1), padding=(1, 1, 1))
              (activation): LeakyReLU(negative_slope=0.2)
            )
            (1): Upsample(scale_factor=2.0, mode=nearest)
          )
          (1): Sequential(
            (0): ConvBlock(
              (main): Conv3d(64, 32, kernel_size=(3, 3, 3), stride=(1, 1, 1), padding=(1, 1, 1))
              (activation): LeakyReLU(negative_slope=0.2)
            )
            (1): Upsample(scale_factor=2.0, mode=nearest)
          )
          (2): Sequential(
            (0): ConvBlock(
              (main): Conv3d(64, 32, kernel_size=(3, 3, 3), stride=(1, 1, 1), padding=(1, 1, 1))
              (activation): LeakyReLU(negative_slope=0.2)
            )
            (1): Upsample(scale_factor=2.0, mode=nearest)
          )
          (3): Sequential(
            (0): ConvBlock(
              (main): Conv3d(48, 32, kernel_size=(3, 3, 3), stride=(1, 1, 1), padding=(1, 1, 1))
              (activation): LeakyReLU(negative_slope=0.2)
            )
            (1): Upsample(scale_factor=2.0, mode=nearest)
          )
        )
        (extras): ModuleList(
          (0): ConvBlock(
            (main): Conv3d(33, 32, kernel_size=(3, 3, 3), stride=(1, 1, 1), padding=(1, 1, 1))
            (activation): LeakyReLU(negative_slope=0.2)
          )
          (1): ConvBlock(
            (main): Conv3d(32, 16, kernel_size=(3, 3, 3), stride=(1, 1, 1), padding=(1, 1, 1))
            (activation): LeakyReLU(negative_slope=0.2)
          )
          (2): ConvBlock(
            (main): Conv3d(16, 16, kernel_size=(3, 3, 3), stride=(1, 1, 1), padding=(1, 1, 1))
            (activation): LeakyReLU(negative_slope=0.2)
          )
        )
      )
      (flow): Conv3d(16, 3, kernel_size=(3, 3, 3), stride=(1, 1, 1), padding=(1, 1, 1))
      (deformer): DiffeoMeshDeformer(
        (integrate): IntegratePointWiseRK4(
          (interpolator): PointPooling()
        )
      )
    )
    (1): DeformationBlock(
      (encoder): Unet(
        (downarm): ModuleList(
          (0): ConvBlock(
            (main): Conv3d(4, 16, kernel_size=(3, 3, 3), stride=(2, 2, 2), padding=(1, 1, 1))
            (activation): LeakyReLU(negative_slope=0.2)
          )
          (1): ConvBlock(
            (main): Conv3d(16, 32, kernel_size=(3, 3, 3), stride=(2, 2, 2), padding=(1, 1, 1))
            (activation): LeakyReLU(negative_slope=0.2)
          )
        )
        (uparm): ModuleList(
          (0): Sequential(
            (0): ConvBlock(
              (main): Conv3d(32, 32, kernel_size=(3, 3, 3), stride=(1, 1, 1), padding=(1, 1, 1))
              (activation): LeakyReLU(negative_slope=0.2)
            )
            (1): Upsample(scale_factor=2.0, mode=nearest)
          )
          (1): Sequential(
            (0): ConvBlock(
              (main): Conv3d(48, 32, kernel_size=(3, 3, 3), stride=(1, 1, 1), padding=(1, 1, 1))
              (activation): LeakyReLU(negative_slope=0.2)
            )
            (1): Upsample(scale_factor=2.0, mode=nearest)
          )
        )
        (extras): ModuleList(
          (0): ConvBlock(
            (main): Conv3d(36, 16, kernel_size=(3, 3, 3), stride=(1, 1, 1), padding=(1, 1, 1))
            (activation): LeakyReLU(negative_slope=0.2)
          )
          (1): ConvBlock(
            (main): Conv3d(16, 16, kernel_size=(3, 3, 3), stride=(1, 1, 1), padding=(1, 1, 1))
            (activation): LeakyReLU(negative_slope=0.2)
          )
        )
      )
      (flow): Conv3d(16, 3, kernel_size=(3, 3, 3), stride=(1, 1, 1), padding=(1, 1, 1))
      (deformer): DiffeoMeshDeformer(
        (integrate): IntegratePointWiseRK4(
          (interpolator): PointPooling()
        )
      )
    )
    (2): DeformationBlock(
      (encoder): Unet(
        (downarm): ModuleList(
          (0): ConvBlock(
            (main): Conv3d(7, 16, kernel_size=(3, 3, 3), stride=(2, 2, 2), padding=(1, 1, 1))
            (activation): LeakyReLU(negative_slope=0.2)
          )
          (1): ConvBlock(
            (main): Conv3d(16, 32, kernel_size=(3, 3, 3), stride=(2, 2, 2), padding=(1, 1, 1))
            (activation): LeakyReLU(negative_slope=0.2)
          )
        )
        (uparm): ModuleList(
          (0): Sequential(
            (0): ConvBlock(
              (main): Conv3d(32, 32, kernel_size=(3, 3, 3), stride=(1, 1, 1), padding=(1, 1, 1))
              (activation): LeakyReLU(negative_slope=0.2)
            )
            (1): Upsample(scale_factor=2.0, mode=nearest)
          )
          (1): Sequential(
            (0): ConvBlock(
              (main): Conv3d(48, 32, kernel_size=(3, 3, 3), stride=(1, 1, 1), padding=(1, 1, 1))
              (activation): LeakyReLU(negative_slope=0.2)
            )
            (1): Upsample(scale_factor=2.0, mode=nearest)
          )
        )
        (extras): ModuleList(
          (0): ConvBlock(
            (main): Conv3d(39, 16, kernel_size=(3, 3, 3), stride=(1, 1, 1), padding=(1, 1, 1))
            (activation): LeakyReLU(negative_slope=0.2)
          )
          (1): ConvBlock(
            (main): Conv3d(16, 16, kernel_size=(3, 3, 3), stride=(1, 1, 1), padding=(1, 1, 1))
            (activation): LeakyReLU(negative_slope=0.2)
          )
        )
      )
      (flow): Conv3d(16, 3, kernel_size=(3, 3, 3), stride=(1, 1, 1), padding=(1, 1, 1))
      (deformer): DiffeoMeshDeformer(
        (integrate): IntegratePointWiseRK4(
          (interpolator): PointPooling()
        )
      )
    )
  )
)
[2024-01-09 01:48:12,477][__main__][INFO] - White model Total number of parameters: 519865
[2024-01-09 01:48:12,497][__main__][INFO] - White Model weights at deformation train 2 iteration 60000 and validation metric 0.0000 loaded from /corticalflow/output2/cfpp/out_rh_white/best_model_DT2.pth in 0.0203 secs
[2024-01-09 01:48:12,497][__main__][INFO] - Pial model is not specified.
[2024-01-09 01:48:12,497][__main__][INFO] - predicting...
[2024-01-09 01:48:18,225][__main__][INFO] - 6/107 subjects processed.
[2024-01-09 01:48:51,120][__main__][INFO] - 66/107 subjects processed.
[2024-01-09 01:49:13,456][__main__][INFO] - DONE !!!
